\BOOKMARK [0][-]{chapter.1}{\376\377\000S\000p\000i\000c\000y\000-\000S\000w\000e\000e\000t\000\040\000S\000a\000m\000b\000a\000l\000\040\000P\000o\000r\000k\000\040\000N\000o\000o\000d\000l\000e\000s}{}% 1
\BOOKMARK [0][-]{chapter.2}{\376\377\000H\000a\000l\000a\000l\000\040\000C\000h\000i\000c\000k\000e\000n\000\040\000a\000n\000d\000\040\000r\000i\000c\000e}{}% 2
\BOOKMARK [0][-]{chapter.3}{\376\377\000B\000a\000s\000i\000c\000\040\000C\000h\000i\000c\000k\000e\000n\000\040\000C\000u\000r\000r\000y}{}% 3
\BOOKMARK [0][-]{chapter.4}{\376\377\000S\000l\000o\000w\000\040\000c\000o\000o\000k\000e\000r\000\040\000c\000h\000i\000c\000k\000e\000n\000\040\000t\000a\000c\000o\000s}{}% 4
\BOOKMARK [0][-]{chapter.5}{\376\377\000B\000e\000e\000f\000\040\000C\000h\000i\000l\000i}{}% 5
\BOOKMARK [0][-]{chapter.6}{\376\377\000E\000n\000c\000h\000i\000l\000a\000d\000a\000s\000\040\000V\000e\000r\000d\000e\000\040\000c\000o\000n\000\040\000p\000o\000l\000l\000o}{}% 6
\BOOKMARK [0][-]{chapter.7}{\376\377\000P\000e\000a\000n\000u\000t\000\040\000c\000h\000i\000c\000k\000e\000n\000\040\000b\000a\000k\000e}{}% 7
\BOOKMARK [0][-]{chapter.8}{\376\377\000B\000a\000k\000e\000d\000\040\000c\000h\000i\000c\000k\000e\000n\000\040\000w\000i\000n\000g\000s}{}% 8
\BOOKMARK [0][-]{chapter.9}{\376\377\000P\000i\000c\000k\000l\000e\000d\000\040\000O\000n\000i\000o\000n\000s}{}% 9
\BOOKMARK [0][-]{chapter.10}{\376\377\000H\000o\000n\000e\000y\000\040\000S\000r\000i\000r\000a\000c\000h\000a\000\040\000M\000e\000a\000t\000b\000a\000l\000l\000s}{}% 10
\BOOKMARK [0][-]{chapter.11}{\376\377\000C\000u\000r\000r\000i\000e\000d\000\040\000C\000a\000u\000l\000i\000f\000l\000o\000w\000e\000r\000,\000\040\000r\000e\000f\000r\000i\000e\000d\000\040\000b\000e\000a\000n\000s\000\040\000\046\000\040\000C\000h\000i\000c\000k\000e\000n}{}% 11
\BOOKMARK [0][-]{chapter.12}{\376\377\000S\000l\000o\000w\000c\000o\000o\000k\000e\000d\000\040\000A\000s\000i\000a\000n\000\040\000C\000h\000i\000c\000k\000e\000n}{}% 12
\BOOKMARK [0][-]{chapter.13}{\376\377\000J\000a\000m\000b\000a\000l\000a\000y\000a}{}% 13
\BOOKMARK [0][-]{chapter.14}{\376\377\000H\000a\000b\000a\000n\000e\000r\000o\000\040\000C\000h\000i\000m\000i\000c\000h\000u\000r\000r\000i\000\040\000p\000a\000s\000t\000a\000\040\000s\000a\000l\000a\000d}{}% 14
\BOOKMARK [0][-]{chapter.15}{\376\377\000S\000h\000r\000i\000m\000p\000\040\000a\000n\000d\000\040\000G\000r\000i\000t\000s}{}% 15
\BOOKMARK [0][-]{chapter.16}{\376\377\000R\000e\000d\000\040\000B\000e\000a\000n\000s\000\040\000a\000n\000d\000\040\000R\000i\000c\000e}{}% 16
\BOOKMARK [0][-]{chapter.17}{\376\377\000C\000r\000e\000a\000m\000\040\000o\000f\000\040\000m\000u\000s\000h\000r\000o\000o\000m\000\040\000b\000e\000e\000f\000\040\000s\000t\000r\000o\000g\000a\000n\000o\000f\000f}{}% 17
\BOOKMARK [0][-]{chapter.18}{\376\377\000B\000i\000s\000c\000u\000i\000t\000s\000\040\000a\000n\000d\000\040\000S\000a\000u\000s\000a\000g\000e\000\040\000G\000r\000a\000v\000y\000\040}{}% 18
\BOOKMARK [0][-]{chapter.19}{\376\377\000C\000h\000r\000i\000s\000t\000m\000a\000s\000\040\000C\000h\000e\000x\000\040\000M\000i\000x}{}% 19
\BOOKMARK [0][-]{chapter.20}{\376\377\000C\000a\000e\000s\000a\000r\000\040\000S\000a\000l\000a\000d}{}% 20
\BOOKMARK [0][-]{chapter.21}{\376\377\000K\000O\000R\000E\000A\000N\000\040\000B\000E\000E\000F}{}% 21
\BOOKMARK [0][-]{chapter.22}{\376\377\000C\000l\000a\000m\000\040\000C\000h\000o\000w\000d\000e\000r}{}% 22
\BOOKMARK [0][-]{chapter.23}{\376\377\000R\000a\000g\000u\000\040\000B\000o\000l\000o\000g\000n\000e\000s\000e}{}% 23
\BOOKMARK [0][-]{chapter.24}{\376\377\000B\000e\000e\000f\000\040\000S\000h\000o\000r\000t\000\040\000r\000i\000b\000s}{}% 24
\BOOKMARK [0][-]{chapter.25}{\376\377\000B\000r\000i\000c\000k\000\040\000C\000h\000i\000c\000k\000e\000n}{}% 25
\BOOKMARK [0][-]{chapter.26}{\376\377\000C\000h\000i\000c\000k\000e\000n\000\040\000K\000a\000r\000a\000h\000i}{}% 26
